#
# There is insufficient memory for the Java Runtime Environment to continue.
# Native memory allocation (malloc) failed to allocate 862896 bytes for Chunk::new
# Possible reasons:
#   The system is out of physical RAM or swap space
#   The process is running with CompressedOops enabled, and the Java Heap may be blocking the growth of the native heap
# Possible solutions:
#   Reduce memory load on the system
#   Increase physical memory or swap space
#   Check if swap backing store is full
#   Decrease Java heap size (-Xmx/-Xms)
#   Decrease number of Java threads
#   Decrease Java thread stack sizes (-Xss)
#   Set larger code cache with -XX:ReservedCodeCacheSize=
#   JVM is running with Zero Based Compressed Oops mode in which the Java heap is
#     placed in the first 32GB address space. The Java Heap base address is the
#     maximum limit for the native heap growth. Please use -XX:HeapBaseMinAddress
#     to set the Java Heap base and to place the Java Heap above 32GB virtual address.
# This output file may be truncated or incomplete.
#
#  Out of Memory Error (arena.cpp:191), pid=49296, tid=62724
#
# JRE version: OpenJDK Runtime Environment Corretto-17.0.9.8.1 (17.0.9+8) (build 17.0.9+8-LTS)
# Java VM: OpenJDK 64-Bit Server VM Corretto-17.0.9.8.1 (17.0.9+8-LTS, mixed mode, sharing, tiered, compressed oops, compressed class ptrs, g1 gc, windows-amd64)
# No core dump will be written. Minidumps are not enabled by default on client versions of Windows
#

---------------  S U M M A R Y ------------

Command Line: -Dclassworlds.conf=C:\Development\apache-maven-3.9.1\bin\m2.conf -Dmaven.home=C:\Development\apache-maven-3.9.1 -Dlibrary.jansi.path=C:\Development\apache-maven-3.9.1\lib\jansi-native -Dmaven.multiModuleProjectDirectory=C:\Users\mmanv\Documents\GitHub\Karel org.codehaus.plexus.classworlds.launcher.Launcher clean verify

Host: Intel(R) Core(TM) i7-10510U CPU @ 1.80GHz, 8 cores, 15G,  Windows 10 , 64 bit Build 19041 (10.0.19041.3636)
Time: Mon Apr 29 01:45:51 2024  Windows 10 , 64 bit Build 19041 (10.0.19041.3636) elapsed time: 3.579402 seconds (0d 0h 0m 3s)

---------------  T H R E A D  ---------------

Current thread (0x000001e97f493990):  JavaThread "C2 CompilerThread1" daemon [_thread_in_native, id=62724, stack(0x00000065dfa00000,0x00000065dfb00000)]


Current CompileTask:
C2:   3579 3670   !   4       jdk.internal.loader.BuiltinClassLoader::loadClassOrNull (143 bytes)

Stack: [0x00000065dfa00000,0x00000065dfb00000]
Native frames: (J=compiled Java code, j=interpreted, Vv=VM code, C=native code)
V  [jvm.dll+0x67cb49]
V  [jvm.dll+0x8344da]
V  [jvm.dll+0x835f9e]
V  [jvm.dll+0x836603]
V  [jvm.dll+0x247b5f]
V  [jvm.dll+0xac43c]
V  [jvm.dll+0xaca8c]
V  [jvm.dll+0x2af07f]
V  [jvm.dll+0x585037]
V  [jvm.dll+0x222bb2]
V  [jvm.dll+0x222f9f]
V  [jvm.dll+0x21c0c6]
V  [jvm.dll+0x219511]
V  [jvm.dll+0x1a56cd]
V  [jvm.dll+0x2293ee]
V  [jvm.dll+0x2275bc]
V  [jvm.dll+0x7e95a7]
V  [jvm.dll+0x7e396a]
V  [jvm.dll+0x67ba35]
C  [ucrtbase.dll+0x21bb2]
C  [KERNEL32.DLL+0x17344]
C  [ntdll.dll+0x526b1]


---------------  P R O C E S S  ---------------

Threads class SMR info:
_java_thread_list=0x000001e904361fd0, length=14, elements={
0x000001e91a98efb0, 0x000001e93d851c80, 0x000001e93d852b00, 0x000001e93d86c1d0,
0x000001e93d86cd90, 0x000001e93d870870, 0x000001e93d871230, 0x000001e93d871fd0,
0x000001e93d875aa0, 0x000001e93d8804c0, 0x000001e93da2ab40, 0x000001e93da51310,
0x000001e97f493990, 0x000001e9042105a0
}

Java Threads: ( => current thread )
  0x000001e91a98efb0 JavaThread "main" [_thread_in_vm, id=45788, stack(0x00000065de700000,0x00000065de800000)]
  0x000001e93d851c80 JavaThread "Reference Handler" daemon [_thread_blocked, id=43508, stack(0x00000065dee00000,0x00000065def00000)]
  0x000001e93d852b00 JavaThread "Finalizer" daemon [_thread_blocked, id=46788, stack(0x00000065def00000,0x00000065df000000)]
  0x000001e93d86c1d0 JavaThread "Signal Dispatcher" daemon [_thread_blocked, id=44112, stack(0x00000065df000000,0x00000065df100000)]
  0x000001e93d86cd90 JavaThread "Attach Listener" daemon [_thread_blocked, id=46272, stack(0x00000065df100000,0x00000065df200000)]
  0x000001e93d870870 JavaThread "Service Thread" daemon [_thread_blocked, id=47488, stack(0x00000065df200000,0x00000065df300000)]
  0x000001e93d871230 JavaThread "Monitor Deflation Thread" daemon [_thread_blocked, id=55824, stack(0x00000065df300000,0x00000065df400000)]
  0x000001e93d871fd0 JavaThread "C2 CompilerThread0" daemon [_thread_blocked, id=47780, stack(0x00000065df400000,0x00000065df500000)]
  0x000001e93d875aa0 JavaThread "C1 CompilerThread0" daemon [_thread_blocked, id=62908, stack(0x00000065df500000,0x00000065df600000)]
  0x000001e93d8804c0 JavaThread "Sweeper thread" daemon [_thread_blocked, id=59244, stack(0x00000065df600000,0x00000065df700000)]
  0x000001e93da2ab40 JavaThread "Notification Thread" daemon [_thread_blocked, id=46000, stack(0x00000065df700000,0x00000065df800000)]
  0x000001e93da51310 JavaThread "Common-Cleaner" daemon [_thread_blocked, id=61228, stack(0x00000065df900000,0x00000065dfa00000)]
=>0x000001e97f493990 JavaThread "C2 CompilerThread1" daemon [_thread_in_native, id=62724, stack(0x00000065dfa00000,0x00000065dfb00000)]
  0x000001e9042105a0 JavaThread "C2 CompilerThread2" daemon [_thread_in_native, id=62844, stack(0x00000065e0200000,0x00000065e0300000)]

Other Threads:
  0x000001e93d84b7a0 VMThread "VM Thread" [stack: 0x00000065ded00000,0x00000065dee00000] [id=49816]
  0x000001e93da4d250 WatcherThread [stack: 0x00000065df800000,0x00000065df900000] [id=62972]
  0x000001e91a9f86e0 GCTaskThread "GC Thread#0" [stack: 0x00000065de800000,0x00000065de900000] [id=50712]
  0x000001e97f7bcc50 GCTaskThread "GC Thread#1" [stack: 0x00000065dfc00000,0x00000065dfd00000] [id=47080]
  0x000001e93db33830 GCTaskThread "GC Thread#2" [stack: 0x00000065dfd00000,0x00000065dfe00000] [id=13048]
  0x000001e93db31c40 GCTaskThread "GC Thread#3" [stack: 0x00000065dfe00000,0x00000065dff00000] [id=46496]
  0x000001e93db32710 GCTaskThread "GC Thread#4" [stack: 0x00000065dff00000,0x00000065e0000000] [id=58880]
  0x000001e93db329d0 GCTaskThread "GC Thread#5" [stack: 0x00000065e0000000,0x00000065e0100000] [id=8800]
  0x000001e90404cc70 GCTaskThread "GC Thread#6" [stack: 0x00000065e0100000,0x00000065e0200000] [id=63444]
  0x000001e904960c80 GCTaskThread "GC Thread#7" [stack: 0x00000065dfb00000,0x00000065dfc00000] [id=62192]
  0x000001e91aa09300 ConcurrentGCThread "G1 Main Marker" [stack: 0x00000065de900000,0x00000065dea00000] [id=58116]
  0x000001e91aa09d20 ConcurrentGCThread "G1 Conc#0" [stack: 0x00000065dea00000,0x00000065deb00000] [id=61040]
  0x000001e90574c870 ConcurrentGCThread "G1 Conc#1" [stack: 0x00000065e0300000,0x00000065e0400000] [id=53528]
  0x000001e91aa4e100 ConcurrentGCThread "G1 Refine#0" [stack: 0x00000065deb00000,0x00000065dec00000] [id=28528]
  0x000001e91aa4eb30 ConcurrentGCThread "G1 Service" [stack: 0x00000065dec00000,0x00000065ded00000] [id=62000]

Threads with active compile tasks:
C2 CompilerThread1     3610 3670   !   4       jdk.internal.loader.BuiltinClassLoader::loadClassOrNull (143 bytes)
C2 CompilerThread2     3610 3628       4       jdk.internal.org.objectweb.asm.Frame::execute (2305 bytes)

VM state: not at safepoint (normal execution)

VM Mutex/Monitor currently owned by a thread: None

Heap address: 0x0000000703200000, size: 4046 MB, Compressed Oops mode: Zero based, Oop shift amount: 3

CDS archive(s) mapped at: [0x000001e93e000000-0x000001e93eba0000-0x000001e93eba0000), size 12189696, SharedBaseAddress: 0x000001e93e000000, ArchiveRelocationMode: 1.
Compressed class space mapped at: 0x000001e93f000000-0x000001e97f000000, reserved size: 1073741824
Narrow klass base: 0x000001e93e000000, Narrow klass shift: 0, Narrow klass range: 0x100000000

GC Precious Log:
 CPUs: 8 total, 8 available
 Memory: 16182M
 Large Page Support: Disabled
 NUMA Support: Disabled
 Compressed Oops: Enabled (Zero based)
 Heap Region Size: 2M
 Heap Min Capacity: 8M
 Heap Initial Capacity: 254M
 Heap Max Capacity: 4046M
 Pre-touch: Disabled
 Parallel Workers: 8
 Concurrent Workers: 2
 Concurrent Refinement Workers: 8
 Periodic GC: Disabled

Heap:
 garbage-first heap   total 260096K, used 11185K [0x0000000703200000, 0x0000000800000000)
  region size 2048K, 5 young (10240K), 4 survivors (8192K)
 Metaspace       used 21344K, committed 21632K, reserved 1114112K
  class space    used 2550K, committed 2752K, reserved 1048576K

Heap Regions: E=young(eden), S=young(survivor), O=old, HS=humongous(starts), HC=humongous(continues), CS=collection set, F=free, OA=open archive, CA=closed archive, TAMS=top-at-mark-start (previous, next)
|   0|0x0000000703200000, 0x0000000703400000, 0x0000000703400000|100%| O|  |TAMS 0x0000000703200000, 0x0000000703400000| Untracked 
|   1|0x0000000703400000, 0x0000000703574400, 0x0000000703600000| 72%| O|  |TAMS 0x0000000703400000, 0x0000000703574400| Untracked 
|   2|0x0000000703600000, 0x0000000703600000, 0x0000000703800000|  0%| F|  |TAMS 0x0000000703600000, 0x0000000703600000| Untracked 
|   3|0x0000000703800000, 0x0000000703800000, 0x0000000703a00000|  0%| F|  |TAMS 0x0000000703800000, 0x0000000703800000| Untracked 
|   4|0x0000000703a00000, 0x0000000703a00000, 0x0000000703c00000|  0%| F|  |TAMS 0x0000000703a00000, 0x0000000703a00000| Untracked 
|   5|0x0000000703c00000, 0x0000000703c00000, 0x0000000703e00000|  0%| F|  |TAMS 0x0000000703c00000, 0x0000000703c00000| Untracked 
|   6|0x0000000703e00000, 0x0000000703e00000, 0x0000000704000000|  0%| F|  |TAMS 0x0000000703e00000, 0x0000000703e00000| Untracked 
|   7|0x0000000704000000, 0x0000000704000000, 0x0000000704200000|  0%| F|  |TAMS 0x0000000704000000, 0x0000000704000000| Untracked 
|   8|0x0000000704200000, 0x0000000704200000, 0x0000000704400000|  0%| F|  |TAMS 0x0000000704200000, 0x0000000704200000| Untracked 
|   9|0x0000000704400000, 0x0000000704400000, 0x0000000704600000|  0%| F|  |TAMS 0x0000000704400000, 0x0000000704400000| Untracked 
|  10|0x0000000704600000, 0x0000000704600000, 0x0000000704800000|  0%| F|  |TAMS 0x0000000704600000, 0x0000000704600000| Untracked 
|  11|0x0000000704800000, 0x0000000704800000, 0x0000000704a00000|  0%| F|  |TAMS 0x0000000704800000, 0x0000000704800000| Untracked 
|  12|0x0000000704a00000, 0x0000000704a00000, 0x0000000704c00000|  0%| F|  |TAMS 0x0000000704a00000, 0x0000000704a00000| Untracked 
|  13|0x0000000704c00000, 0x0000000704c00000, 0x0000000704e00000|  0%| F|  |TAMS 0x0000000704c00000, 0x0000000704c00000| Untracked 
|  14|0x0000000704e00000, 0x0000000704e00000, 0x0000000705000000|  0%| F|  |TAMS 0x0000000704e00000, 0x0000000704e00000| Untracked 
|  15|0x0000000705000000, 0x0000000705000000, 0x0000000705200000|  0%| F|  |TAMS 0x0000000705000000, 0x0000000705000000| Untracked 
|  16|0x0000000705200000, 0x0000000705200000, 0x0000000705400000|  0%| F|  |TAMS 0x0000000705200000, 0x0000000705200000| Untracked 
|  17|0x0000000705400000, 0x0000000705400000, 0x0000000705600000|  0%| F|  |TAMS 0x0000000705400000, 0x0000000705400000| Untracked 
|  18|0x0000000705600000, 0x0000000705600000, 0x0000000705800000|  0%| F|  |TAMS 0x0000000705600000, 0x0000000705600000| Untracked 
|  19|0x0000000705800000, 0x0000000705800000, 0x0000000705a00000|  0%| F|  |TAMS 0x0000000705800000, 0x0000000705800000| Untracked 
|  20|0x0000000705a00000, 0x0000000705a00000, 0x0000000705c00000|  0%| F|  |TAMS 0x0000000705a00000, 0x0000000705a00000| Untracked 
|  21|0x0000000705c00000, 0x0000000705c00000, 0x0000000705e00000|  0%| F|  |TAMS 0x0000000705c00000, 0x0000000705c00000| Untracked 
|  22|0x0000000705e00000, 0x0000000705e00000, 0x0000000706000000|  0%| F|  |TAMS 0x0000000705e00000, 0x0000000705e00000| Untracked 
|  23|0x0000000706000000, 0x0000000706000000, 0x0000000706200000|  0%| F|  |TAMS 0x0000000706000000, 0x0000000706000000| Untracked 
|  24|0x0000000706200000, 0x0000000706200000, 0x0000000706400000|  0%| F|  |TAMS 0x0000000706200000, 0x0000000706200000| Untracked 
|  25|0x0000000706400000, 0x0000000706400000, 0x0000000706600000|  0%| F|  |TAMS 0x0000000706400000, 0x0000000706400000| Untracked 
|  26|0x0000000706600000, 0x0000000706600000, 0x0000000706800000|  0%| F|  |TAMS 0x0000000706600000, 0x0000000706600000| Untracked 
|  27|0x0000000706800000, 0x0000000706800000, 0x0000000706a00000|  0%| F|  |TAMS 0x0000000706800000, 0x0000000706800000| Untracked 
|  28|0x0000000706a00000, 0x0000000706a00000, 0x0000000706c00000|  0%| F|  |TAMS 0x0000000706a00000, 0x0000000706a00000| Untracked 
|  29|0x0000000706c00000, 0x0000000706c00000, 0x0000000706e00000|  0%| F|  |TAMS 0x0000000706c00000, 0x0000000706c00000| Untracked 
|  30|0x0000000706e00000, 0x0000000706e00000, 0x0000000707000000|  0%| F|  |TAMS 0x0000000706e00000, 0x0000000706e00000| Untracked 
|  31|0x0000000707000000, 0x0000000707000000, 0x0000000707200000|  0%| F|  |TAMS 0x0000000707000000, 0x0000000707000000| Untracked 
|  32|0x0000000707200000, 0x0000000707200000, 0x0000000707400000|  0%| F|  |TAMS 0x0000000707200000, 0x0000000707200000| Untracked 
|  33|0x0000000707400000, 0x0000000707400000, 0x0000000707600000|  0%| F|  |TAMS 0x0000000707400000, 0x0000000707400000| Untracked 
|  34|0x0000000707600000, 0x0000000707600000, 0x0000000707800000|  0%| F|  |TAMS 0x0000000707600000, 0x0000000707600000| Untracked 
|  35|0x0000000707800000, 0x0000000707800000, 0x0000000707a00000|  0%| F|  |TAMS 0x0000000707800000, 0x0000000707800000| Untracked 
|  36|0x0000000707a00000, 0x0000000707a00000, 0x0000000707c00000|  0%| F|  |TAMS 0x0000000707a00000, 0x0000000707a00000| Untracked 
|  37|0x0000000707c00000, 0x0000000707c00000, 0x0000000707e00000|  0%| F|  |TAMS 0x0000000707c00000, 0x0000000707c00000| Untracked 
|  38|0x0000000707e00000, 0x0000000707e00000, 0x0000000708000000|  0%| F|  |TAMS 0x0000000707e00000, 0x0000000707e00000| Untracked 
|  39|0x0000000708000000, 0x0000000708000000, 0x0000000708200000|  0%| F|  |TAMS 0x0000000708000000, 0x0000000708000000| Untracked 
|  40|0x0000000708200000, 0x0000000708200000, 0x0000000708400000|  0%| F|  |TAMS 0x0000000708200000, 0x0000000708200000| Untracked 
|  41|0x0000000708400000, 0x0000000708400000, 0x0000000708600000|  0%| F|  |TAMS 0x0000000708400000, 0x0000000708400000| Untracked 
|  42|0x0000000708600000, 0x0000000708600000, 0x0000000708800000|  0%| F|  |TAMS 0x0000000708600000, 0x0000000708600000| Untracked 
|  43|0x0000000708800000, 0x0000000708800000, 0x0000000708a00000|  0%| F|  |TAMS 0x0000000708800000, 0x0000000708800000| Untracked 
|  44|0x0000000708a00000, 0x0000000708a00000, 0x0000000708c00000|  0%| F|  |TAMS 0x0000000708a00000, 0x0000000708a00000| Untracked 
|  45|0x0000000708c00000, 0x0000000708c00000, 0x0000000708e00000|  0%| F|  |TAMS 0x0000000708c00000, 0x0000000708c00000| Untracked 
|  46|0x0000000708e00000, 0x0000000708e00000, 0x0000000709000000|  0%| F|  |TAMS 0x0000000708e00000, 0x0000000708e00000| Untracked 
|  47|0x0000000709000000, 0x0000000709000000, 0x0000000709200000|  0%| F|  |TAMS 0x0000000709000000, 0x0000000709000000| Untracked 
|  48|0x0000000709200000, 0x0000000709200000, 0x0000000709400000|  0%| F|  |TAMS 0x0000000709200000, 0x0000000709200000| Untracked 
|  49|0x0000000709400000, 0x0000000709400000, 0x0000000709600000|  0%| F|  |TAMS 0x0000000709400000, 0x0000000709400000| Untracked 
|  50|0x0000000709600000, 0x0000000709600000, 0x0000000709800000|  0%| F|  |TAMS 0x0000000709600000, 0x0000000709600000| Untracked 
|  51|0x0000000709800000, 0x0000000709800000, 0x0000000709a00000|  0%| F|  |TAMS 0x0000000709800000, 0x0000000709800000| Untracked 
|  52|0x0000000709a00000, 0x0000000709a00000, 0x0000000709c00000|  0%| F|  |TAMS 0x0000000709a00000, 0x0000000709a00000| Untracked 
|  53|0x0000000709c00000, 0x0000000709c00000, 0x0000000709e00000|  0%| F|  |TAMS 0x0000000709c00000, 0x0000000709c00000| Untracked 
|  54|0x0000000709e00000, 0x0000000709e00000, 0x000000070a000000|  0%| F|  |TAMS 0x0000000709e00000, 0x0000000709e00000| Untracked 
|  55|0x000000070a000000, 0x000000070a000000, 0x000000070a200000|  0%| F|  |TAMS 0x000000070a000000, 0x000000070a000000| Untracked 
|  56|0x000000070a200000, 0x000000070a200000, 0x000000070a400000|  0%| F|  |TAMS 0x000000070a200000, 0x000000070a200000| Untracked 
|  57|0x000000070a400000, 0x000000070a400000, 0x000000070a600000|  0%| F|  |TAMS 0x000000070a400000, 0x000000070a400000| Untracked 
|  58|0x000000070a600000, 0x000000070a600000, 0x000000070a800000|  0%| F|  |TAMS 0x000000070a600000, 0x000000070a600000| Untracked 
|  59|0x000000070a800000, 0x000000070a800000, 0x000000070aa00000|  0%| F|  |TAMS 0x000000070a800000, 0x000000070a800000| Untracked 
|  60|0x000000070aa00000, 0x000000070aa00000, 0x000000070ac00000|  0%| F|  |TAMS 0x000000070aa00000, 0x000000070aa00000| Untracked 
|  61|0x000000070ac00000, 0x000000070ac00000, 0x000000070ae00000|  0%| F|  |TAMS 0x000000070ac00000, 0x000000070ac00000| Untracked 
|  62|0x000000070ae00000, 0x000000070ae00000, 0x000000070b000000|  0%| F|  |TAMS 0x000000070ae00000, 0x000000070ae00000| Untracked 
|  63|0x000000070b000000, 0x000000070b000000, 0x000000070b200000|  0%| F|  |TAMS 0x000000070b000000, 0x000000070b000000| Untracked 
|  64|0x000000070b200000, 0x000000070b200000, 0x000000070b400000|  0%| F|  |TAMS 0x000000070b200000, 0x000000070b200000| Untracked 
|  65|0x000000070b400000, 0x000000070b400000, 0x000000070b600000|  0%| F|  |TAMS 0x000000070b400000, 0x000000070b400000| Untracked 
|  66|0x000000070b600000, 0x000000070b600000, 0x000000070b800000|  0%| F|  |TAMS 0x000000070b600000, 0x000000070b600000| Untracked 
|  67|0x000000070b800000, 0x000000070b800000, 0x000000070ba00000|  0%| F|  |TAMS 0x000000070b800000, 0x000000070b800000| Untracked 
|  68|0x000000070ba00000, 0x000000070ba00000, 0x000000070bc00000|  0%| F|  |TAMS 0x000000070ba00000, 0x000000070ba00000| Untracked 
|  69|0x000000070bc00000, 0x000000070bc00000, 0x000000070be00000|  0%| F|  |TAMS 0x000000070bc00000, 0x000000070bc00000| Untracked 
|  70|0x000000070be00000, 0x000000070be00000, 0x000000070c000000|  0%| F|  |TAMS 0x000000070be00000, 0x000000070be00000| Untracked 
|  71|0x000000070c000000, 0x000000070c000000, 0x000000070c200000|  0%| F|  |TAMS 0x000000070c000000, 0x000000070c000000| Untracked 
|  72|0x000000070c200000, 0x000000070c200000, 0x000000070c400000|  0%| F|  |TAMS 0x000000070c200000, 0x000000070c200000| Untracked 
|  73|0x000000070c400000, 0x000000070c400000, 0x000000070c600000|  0%| F|  |TAMS 0x000000070c400000, 0x000000070c400000| Untracked 
|  74|0x000000070c600000, 0x000000070c600000, 0x000000070c800000|  0%| F|  |TAMS 0x000000070c600000, 0x000000070c600000| Untracked 
|  75|0x000000070c800000, 0x000000070c800000, 0x000000070ca00000|  0%| F|  |TAMS 0x000000070c800000, 0x000000070c800000| Untracked 
|  76|0x000000070ca00000, 0x000000070ca00000, 0x000000070cc00000|  0%| F|  |TAMS 0x000000070ca00000, 0x000000070ca00000| Untracked 
|  77|0x000000070cc00000, 0x000000070cc00000, 0x000000070ce00000|  0%| F|  |TAMS 0x000000070cc00000, 0x000000070cc00000| Untracked 
|  78|0x000000070ce00000, 0x000000070ce00000, 0x000000070d000000|  0%| F|  |TAMS 0x000000070ce00000, 0x000000070ce00000| Untracked 
|  79|0x000000070d000000, 0x000000070d000000, 0x000000070d200000|  0%| F|  |TAMS 0x000000070d000000, 0x000000070d000000| Untracked 
|  80|0x000000070d200000, 0x000000070d200000, 0x000000070d400000|  0%| F|  |TAMS 0x000000070d200000, 0x000000070d200000| Untracked 
|  81|0x000000070d400000, 0x000000070d400000, 0x000000070d600000|  0%| F|  |TAMS 0x000000070d400000, 0x000000070d400000| Untracked 
|  82|0x000000070d600000, 0x000000070d600000, 0x000000070d800000|  0%| F|  |TAMS 0x000000070d600000, 0x000000070d600000| Untracked 
|  83|0x000000070d800000, 0x000000070d800000, 0x000000070da00000|  0%| F|  |TAMS 0x000000070d800000, 0x000000070d800000| Untracked 
|  84|0x000000070da00000, 0x000000070da00000, 0x000000070dc00000|  0%| F|  |TAMS 0x000000070da00000, 0x000000070da00000| Untracked 
|  85|0x000000070dc00000, 0x000000070dc00000, 0x000000070de00000|  0%| F|  |TAMS 0x000000070dc00000, 0x000000070dc00000| Untracked 
|  86|0x000000070de00000, 0x000000070de00000, 0x000000070e000000|  0%| F|  |TAMS 0x000000070de00000, 0x000000070de00000| Untracked 
|  87|0x000000070e000000, 0x000000070e000000, 0x000000070e200000|  0%| F|  |TAMS 0x000000070e000000, 0x000000070e000000| Untracked 
|  88|0x000000070e200000, 0x000000070e200000, 0x000000070e400000|  0%| F|  |TAMS 0x000000070e200000, 0x000000070e200000| Untracked 
|  89|0x000000070e400000, 0x000000070e400000, 0x000000070e600000|  0%| F|  |TAMS 0x000000070e400000, 0x000000070e400000| Untracked 
|  90|0x000000070e600000, 0x000000070e778200, 0x000000070e800000| 73%| S|CS|TAMS 0x000000070e600000, 0x000000070e600000| Complete 
|  91|0x000000070e800000, 0x000000070ea00000, 0x000000070ea00000|100%| S|CS|TAMS 0x000000070e800000, 0x000000070e800000| Complete 
|  92|0x000000070ea00000, 0x000000070ec00000, 0x000000070ec00000|100%| S|CS|TAMS 0x000000070ea00000, 0x000000070ea00000| Complete 
|  93|0x000000070ec00000, 0x000000070ee00000, 0x000000070ee00000|100%| S|CS|TAMS 0x000000070ec00000, 0x000000070ec00000| Complete 
|  94|0x000000070ee00000, 0x000000070ee00000, 0x000000070f000000|  0%| F|  |TAMS 0x000000070ee00000, 0x000000070ee00000| Untracked 
|  95|0x000000070f000000, 0x000000070f000000, 0x000000070f200000|  0%| F|  |TAMS 0x000000070f000000, 0x000000070f000000| Untracked 
|  96|0x000000070f200000, 0x000000070f200000, 0x000000070f400000|  0%| F|  |TAMS 0x000000070f200000, 0x000000070f200000| Untracked 
|  97|0x000000070f400000, 0x000000070f400000, 0x000000070f600000|  0%| F|  |TAMS 0x000000070f400000, 0x000000070f400000| Untracked 
|  98|0x000000070f600000, 0x000000070f600000, 0x000000070f800000|  0%| F|  |TAMS 0x000000070f600000, 0x000000070f600000| Untracked 
|  99|0x000000070f800000, 0x000000070f800000, 0x000000070fa00000|  0%| F|  |TAMS 0x000000070f800000, 0x000000070f800000| Untracked 
| 100|0x000000070fa00000, 0x000000070fa00000, 0x000000070fc00000|  0%| F|  |TAMS 0x000000070fa00000, 0x000000070fa00000| Untracked 
| 101|0x000000070fc00000, 0x000000070fc00000, 0x000000070fe00000|  0%| F|  |TAMS 0x000000070fc00000, 0x000000070fc00000| Untracked 
| 102|0x000000070fe00000, 0x000000070fe00000, 0x0000000710000000|  0%| F|  |TAMS 0x000000070fe00000, 0x000000070fe00000| Untracked 
| 103|0x0000000710000000, 0x0000000710000000, 0x0000000710200000|  0%| F|  |TAMS 0x0000000710000000, 0x0000000710000000| Untracked 
| 104|0x0000000710200000, 0x0000000710200000, 0x0000000710400000|  0%| F|  |TAMS 0x0000000710200000, 0x0000000710200000| Untracked 
| 105|0x0000000710400000, 0x0000000710400000, 0x0000000710600000|  0%| F|  |TAMS 0x0000000710400000, 0x0000000710400000| Untracked 
| 106|0x0000000710600000, 0x0000000710600000, 0x0000000710800000|  0%| F|  |TAMS 0x0000000710600000, 0x0000000710600000| Untracked 
| 107|0x0000000710800000, 0x0000000710800000, 0x0000000710a00000|  0%| F|  |TAMS 0x0000000710800000, 0x0000000710800000| Untracked 
| 108|0x0000000710a00000, 0x0000000710a00000, 0x0000000710c00000|  0%| F|  |TAMS 0x0000000710a00000, 0x0000000710a00000| Untracked 
| 109|0x0000000710c00000, 0x0000000710c00000, 0x0000000710e00000|  0%| F|  |TAMS 0x0000000710c00000, 0x0000000710c00000| Untracked 
| 110|0x0000000710e00000, 0x0000000710e00000, 0x0000000711000000|  0%| F|  |TAMS 0x0000000710e00000, 0x0000000710e00000| Untracked 
| 111|0x0000000711000000, 0x0000000711000000, 0x0000000711200000|  0%| F|  |TAMS 0x0000000711000000, 0x0000000711000000| Untracked 
| 112|0x0000000711200000, 0x0000000711200000, 0x0000000711400000|  0%| F|  |TAMS 0x0000000711200000, 0x0000000711200000| Untracked 
| 113|0x0000000711400000, 0x0000000711400000, 0x0000000711600000|  0%| F|  |TAMS 0x0000000711400000, 0x0000000711400000| Untracked 
| 114|0x0000000711600000, 0x0000000711600000, 0x0000000711800000|  0%| F|  |TAMS 0x0000000711600000, 0x0000000711600000| Untracked 
| 115|0x0000000711800000, 0x0000000711800000, 0x0000000711a00000|  0%| F|  |TAMS 0x0000000711800000, 0x0000000711800000| Untracked 
| 116|0x0000000711a00000, 0x0000000711a00000, 0x0000000711c00000|  0%| F|  |TAMS 0x0000000711a00000, 0x0000000711a00000| Untracked 
| 117|0x0000000711c00000, 0x0000000711c00000, 0x0000000711e00000|  0%| F|  |TAMS 0x0000000711c00000, 0x0000000711c00000| Untracked 
| 118|0x0000000711e00000, 0x0000000711e00000, 0x0000000712000000|  0%| F|  |TAMS 0x0000000711e00000, 0x0000000711e00000| Untracked 
| 119|0x0000000712000000, 0x0000000712000000, 0x0000000712200000|  0%| F|  |TAMS 0x0000000712000000, 0x0000000712000000| Untracked 
| 120|0x0000000712200000, 0x0000000712200000, 0x0000000712400000|  0%| F|  |TAMS 0x0000000712200000, 0x0000000712200000| Untracked 
| 121|0x0000000712400000, 0x0000000712400000, 0x0000000712600000|  0%| F|  |TAMS 0x0000000712400000, 0x0000000712400000| Untracked 
| 122|0x0000000712600000, 0x0000000712600000, 0x0000000712800000|  0%| F|  |TAMS 0x0000000712600000, 0x0000000712600000| Untracked 
| 123|0x0000000712800000, 0x0000000712800000, 0x0000000712a00000|  0%| F|  |TAMS 0x0000000712800000, 0x0000000712800000| Untracked 
| 124|0x0000000712a00000, 0x0000000712a00000, 0x0000000712c00000|  0%| F|  |TAMS 0x0000000712a00000, 0x0000000712a00000| Untracked 
| 125|0x0000000712c00000, 0x0000000712c00000, 0x0000000712e00000|  0%| F|  |TAMS 0x0000000712c00000, 0x0000000712c00000| Untracked 
| 126|0x0000000712e00000, 0x0000000712f00000, 0x0000000713000000| 50%| E|  |TAMS 0x0000000712e00000, 0x0000000712e00000| Complete 

Card table byte_map: [0x000001e931fc0000,0x000001e9327b0000] _byte_map_base: 0x000001e92e7a7000

Marking Bits (Prev, Next): (CMBitMap*) 0x000001e91a9f8d00, (CMBitMap*) 0x000001e91a9f8d40
 Prev Bits: [0x000001e932fa0000, 0x000001e936ed8000)
 Next Bits: [0x000001e936ee0000, 0x000001e93ae18000)

Polling page: 0x000001e9188f0000

Metaspace:

Usage:
  Non-class:     18.43 MB used.
      Class:      2.49 MB used.
       Both:     20.92 MB used.

Virtual space:
  Non-class space:       64.00 MB reserved,      18.50 MB ( 29%) committed,  1 nodes.
      Class space:        1.00 GB reserved,       2.69 MB ( <1%) committed,  1 nodes.
             Both:        1.06 GB reserved,      21.19 MB (  2%) committed. 

Chunk freelists:
   Non-Class:  13.05 MB
       Class:  13.23 MB
        Both:  26.28 MB

MaxMetaspaceSize: unlimited
CompressedClassSpaceSize: 1.00 GB
Initial GC threshold: 21.00 MB
Current GC threshold: 21.31 MB
CDS: on
MetaspaceReclaimPolicy: balanced
 - commit_granule_bytes: 65536.
 - commit_granule_words: 8192.
 - virtual_space_node_default_size: 8388608.
 - enlarge_chunks_in_place: 1.
 - new_chunks_are_fully_committed: 0.
 - uncommit_free_chunks: 1.
 - use_allocation_guard: 0.
 - handle_deallocations: 1.


Internal statistics:

num_allocs_failed_limit: 3.
num_arena_births: 130.
num_arena_deaths: 0.
num_vsnodes_births: 2.
num_vsnodes_deaths: 0.
num_space_committed: 339.
num_space_uncommitted: 0.
num_chunks_returned_to_freelist: 3.
num_chunks_taken_from_freelist: 883.
num_chunk_merges: 3.
num_chunk_splits: 637.
num_chunks_enlarged: 509.
num_inconsistent_stats: 0.

CodeHeap 'non-profiled nmethods': size=120000Kb used=1706Kb max_used=1706Kb free=118293Kb
 bounds [0x000001e929f70000, 0x000001e92a1e0000, 0x000001e9314a0000]
CodeHeap 'profiled nmethods': size=120000Kb used=7418Kb max_used=7418Kb free=112581Kb
 bounds [0x000001e9224a0000, 0x000001e922be0000, 0x000001e9299d0000]
CodeHeap 'non-nmethods': size=5760Kb used=1195Kb max_used=1232Kb free=4564Kb
 bounds [0x000001e9299d0000, 0x000001e929c40000, 0x000001e929f70000]
 total_blobs=4180 nmethods=3689 adapters=403
 compilation: enabled
              stopped_count=0, restarted_count=0
 full_count=0

Compilation events (20 events):
Event: 3.484 Thread 0x000001e93d875aa0 nmethod 3676 0x000001e922bd3990 code [0x000001e922bd3c80, 0x000001e922bd4c98]
Event: 3.484 Thread 0x000001e93d875aa0 3678       3       jdk.internal.module.SystemModuleFinders$SystemModuleReader::release (10 bytes)
Event: 3.485 Thread 0x000001e93d875aa0 nmethod 3678 0x000001e922bd5290 code [0x000001e922bd5480, 0x000001e922bd5918]
Event: 3.485 Thread 0x000001e93d875aa0 3679       3       jdk.internal.jimage.ImageReader::releaseByteBuffer (5 bytes)
Event: 3.485 Thread 0x000001e93d875aa0 nmethod 3679 0x000001e922bd5b10 code [0x000001e922bd5cc0, 0x000001e922bd5f88]
Event: 3.485 Thread 0x000001e93d875aa0 3680       3       jdk.internal.jimage.BasicImageReader::releaseByteBuffer (16 bytes)
Event: 3.485 Thread 0x000001e93d875aa0 nmethod 3680 0x000001e922bd6090 code [0x000001e922bd6240, 0x000001e922bd64a8]
Event: 3.485 Thread 0x000001e93d875aa0 3681       3       java.security.SecureClassLoader::defineClass (12 bytes)
Event: 3.485 Thread 0x000001e93d875aa0 nmethod 3681 0x000001e922bd6590 code [0x000001e922bd6740, 0x000001e922bd68d8]
Event: 3.486 Thread 0x000001e93d875aa0 3682   !   3       jdk.internal.jimage.BasicImageReader::readBuffer (238 bytes)
Event: 3.487 Thread 0x000001e93d875aa0 nmethod 3682 0x000001e922bd6990 code [0x000001e922bd6c80, 0x000001e922bd79f8]
Event: 3.490 Thread 0x000001e93d871fd0 nmethod 3671 0x000001e92a119190 code [0x000001e92a119360, 0x000001e92a119fb8]
Event: 3.493 Thread 0x000001e93d875aa0 3683       3       java.lang.invoke.InnerClassLambdaMetafactory::getLoadOpcode (26 bytes)
Event: 3.493 Thread 0x000001e93d875aa0 nmethod 3683 0x000001e922bd7f10 code [0x000001e922bd80c0, 0x000001e922bd82f8]
Event: 3.493 Thread 0x000001e93d875aa0 3684       3       java.lang.invoke.InnerClassLambdaMetafactory::getParameterSize (27 bytes)
Event: 3.493 Thread 0x000001e93d875aa0 nmethod 3684 0x000001e922bd8410 code [0x000001e922bd85c0, 0x000001e922bd87d8]
Event: 3.505 Thread 0x000001e93d875aa0 3685       3       java.lang.Module::isStaticallyExportedOrOpen (70 bytes)
Event: 3.506 Thread 0x000001e93d875aa0 nmethod 3685 0x000001e922bd8890 code [0x000001e922bd8aa0, 0x000001e922bd9198]
Event: 3.515 Thread 0x000001e93d875aa0 3686       3       java.lang.Module::canRead (86 bytes)
Event: 3.517 Thread 0x000001e93d875aa0 nmethod 3686 0x000001e922bd9310 code [0x000001e922bd96c0, 0x000001e922bdb208]

GC Heap History (4 events):
Event: 0.903 GC heap before
{Heap before GC invocations=0 (full 0):
 garbage-first heap   total 260096K, used 22528K [0x0000000703200000, 0x0000000800000000)
  region size 2048K, 11 young (22528K), 0 survivors (0K)
 Metaspace       used 5150K, committed 5312K, reserved 1114112K
  class space    used 619K, committed 704K, reserved 1048576K
}
Event: 0.910 GC heap after
{Heap after GC invocations=1 (full 0):
 garbage-first heap   total 260096K, used 3769K [0x0000000703200000, 0x0000000800000000)
  region size 2048K, 2 young (4096K), 2 survivors (4096K)
 Metaspace       used 5150K, committed 5312K, reserved 1114112K
  class space    used 619K, committed 704K, reserved 1048576K
}
Event: 1.621 GC heap before
{Heap before GC invocations=1 (full 0):
 garbage-first heap   total 260096K, used 32441K [0x0000000703200000, 0x0000000800000000)
  region size 2048K, 16 young (32768K), 2 survivors (4096K)
 Metaspace       used 9502K, committed 9728K, reserved 1114112K
  class space    used 1166K, committed 1280K, reserved 1048576K
}
Event: 1.629 GC heap after
{Heap after GC invocations=2 (full 0):
 garbage-first heap   total 260096K, used 5471K [0x0000000703200000, 0x0000000800000000)
  region size 2048K, 1 young (2048K), 1 survivors (2048K)
 Metaspace       used 9502K, committed 9728K, reserved 1114112K
  class space    used 1166K, committed 1280K, reserved 1048576K
}

Dll operation events (8 events):
Event: 0.007 Loaded shared library C:\Users\mmanv\.jdks\corretto-17.0.9\bin\java.dll
Event: 0.026 Loaded shared library C:\Users\mmanv\.jdks\corretto-17.0.9\bin\jsvml.dll
Event: 0.066 Loaded shared library C:\Users\mmanv\.jdks\corretto-17.0.9\bin\net.dll
Event: 0.068 Loaded shared library C:\Users\mmanv\.jdks\corretto-17.0.9\bin\nio.dll
Event: 0.072 Loaded shared library C:\Users\mmanv\.jdks\corretto-17.0.9\bin\zip.dll
Event: 0.190 Loaded shared library C:\Users\mmanv\.jdks\corretto-17.0.9\bin\jimage.dll
Event: 0.200 Loaded shared library C:\Development\apache-maven-3.9.1\lib\jansi-native\Windows\x86_64\jansi.dll
Event: 0.218 Loaded shared library C:\Users\mmanv\.jdks\corretto-17.0.9\bin\verify.dll

Deoptimization events (20 events):
Event: 3.080 Thread 0x000001e91a98efb0 Uncommon trap: trap_request=0xffffff45 fr.pc=0x000001e929ff5cd8 relative=0x0000000000000338
Event: 3.080 Thread 0x000001e91a98efb0 Uncommon trap: reason=unstable_if action=reinterpret pc=0x000001e929ff5cd8 method=java.util.jar.JarFile.match([B[B[B[B)I @ 29 c2
Event: 3.080 Thread 0x000001e91a98efb0 DEOPT PACKING pc=0x000001e929ff5cd8 sp=0x00000065de7fc8a0
Event: 3.080 Thread 0x000001e91a98efb0 DEOPT UNPACKING pc=0x000001e929a269a3 sp=0x00000065de7fc818 mode 2
Event: 3.086 Thread 0x000001e91a98efb0 Uncommon trap: trap_request=0xffffff45 fr.pc=0x000001e929ff4084 relative=0x00000000000003e4
Event: 3.086 Thread 0x000001e91a98efb0 Uncommon trap: reason=unstable_if action=reinterpret pc=0x000001e929ff4084 method=java.util.jar.JarFile.match([B[B[B[B)I @ 29 c2
Event: 3.086 Thread 0x000001e91a98efb0 DEOPT PACKING pc=0x000001e929ff4084 sp=0x00000065de7fbed0
Event: 3.086 Thread 0x000001e91a98efb0 DEOPT UNPACKING pc=0x000001e929a269a3 sp=0x00000065de7fbe68 mode 2
Event: 3.114 Thread 0x000001e91a98efb0 Uncommon trap: trap_request=0xffffffc6 fr.pc=0x000001e929fcc3a8 relative=0x0000000000000368
Event: 3.114 Thread 0x000001e91a98efb0 Uncommon trap: reason=bimorphic_or_optimized_type_check action=maybe_recompile pc=0x000001e929fcc3a8 method=java.nio.Buffer.<init>(IIIILjdk/internal/access/foreign/MemorySegmentProxy;)V @ 39 c2
Event: 3.114 Thread 0x000001e91a98efb0 DEOPT PACKING pc=0x000001e929fcc3a8 sp=0x00000065de7f7db0
Event: 3.114 Thread 0x000001e91a98efb0 DEOPT UNPACKING pc=0x000001e929a269a3 sp=0x00000065de7f7d58 mode 2
Event: 3.247 Thread 0x000001e91a98efb0 Uncommon trap: trap_request=0xffffff45 fr.pc=0x000001e929fd8a54 relative=0x00000000000000b4
Event: 3.247 Thread 0x000001e91a98efb0 Uncommon trap: reason=unstable_if action=reinterpret pc=0x000001e929fd8a54 method=java.util.regex.ASCII.isType(II)Z @ 6 c2
Event: 3.247 Thread 0x000001e91a98efb0 DEOPT PACKING pc=0x000001e929fd8a54 sp=0x00000065de7fbd30
Event: 3.247 Thread 0x000001e91a98efb0 DEOPT UNPACKING pc=0x000001e929a269a3 sp=0x00000065de7fbb98 mode 2
Event: 3.367 Thread 0x000001e91a98efb0 Uncommon trap: trap_request=0xffffff45 fr.pc=0x000001e92a0b151c relative=0x000000000000007c
Event: 3.367 Thread 0x000001e91a98efb0 Uncommon trap: reason=unstable_if action=reinterpret pc=0x000001e92a0b151c method=java.util.Spliterator.getExactSizeIfKnown()J @ 9 c2
Event: 3.367 Thread 0x000001e91a98efb0 DEOPT PACKING pc=0x000001e92a0b151c sp=0x00000065de7fcf90
Event: 3.367 Thread 0x000001e91a98efb0 DEOPT UNPACKING pc=0x000001e929a269a3 sp=0x00000065de7fcf30 mode 2

Classes unloaded (0 events):
No events

Classes redefined (0 events):
No events

Internal exceptions (20 events):
Event: 1.768 Thread 0x000001e91a98efb0 Exception <a 'java/lang/NoSuchMethodError'{0x0000000712a3a9b0}: 'java.lang.Object java.lang.invoke.Invokers$Holder.invokeExact_MT(java.lang.Object, int, java.lang.Object)'> (0x0000000712a3a9b0) 
thrown [s\src\hotspot\share\interpreter\linkResolver.cpp, line 759]
Event: 1.781 Thread 0x000001e91a98efb0 Exception <a 'java/lang/NoSuchMethodError'{0x0000000712a94968}: 'void java.lang.invoke.DirectMethodHandle$Holder.invokeStatic(java.lang.Object, java.lang.Object)'> (0x0000000712a94968) 
thrown [s\src\hotspot\share\interpreter\linkResolver.cpp, line 759]
Event: 1.788 Thread 0x000001e91a98efb0 Exception <a 'java/lang/NoSuchMethodError'{0x0000000712aa4240}: 'int java.lang.invoke.DirectMethodHandle$Holder.invokeSpecial(java.lang.Object, java.lang.Object, java.lang.Object, java.lang.Object)'> (0x0000000712aa4240) 
thrown [s\src\hotspot\share\interpreter\linkResolver.cpp, line 759]
Event: 2.042 Thread 0x000001e91a98efb0 Exception <a 'java/lang/NoClassDefFoundError'{0x0000000712261df0}: com/google/inject/servlet/ServletModuleTargetVisitor> (0x0000000712261df0) 
thrown [s\src\hotspot\share\classfile\systemDictionary.cpp, line 245]
Event: 2.116 Thread 0x000001e91a98efb0 Exception <a 'java/lang/NoSuchMethodError'{0x00000007123e98a8}: 'void java.lang.invoke.DirectMethodHandle$Holder.invokeVirtual(java.lang.Object, java.lang.Object)'> (0x00000007123e98a8) 
thrown [s\src\hotspot\share\interpreter\linkResolver.cpp, line 759]
Event: 2.154 Thread 0x000001e91a98efb0 Exception <a 'java/lang/NoSuchMethodError'{0x0000000712062638}: 'java.lang.Object java.lang.invoke.DirectMethodHandle$Holder.invokeStaticInit(java.lang.Object, int, int, int, int)'> (0x0000000712062638) 
thrown [s\src\hotspot\share\interpreter\linkResolver.cpp, line 759]
Event: 2.618 Thread 0x000001e91a98efb0 Implicit null exception at 0x000001e92a01d7ef to 0x000001e92a01d9e8
Event: 2.619 Thread 0x000001e91a98efb0 Implicit null exception at 0x000001e92a01cd6f to 0x000001e92a01cf68
Event: 2.627 Thread 0x000001e91a98efb0 Exception <a 'java/lang/NoSuchMethodError'{0x0000000710d730a0}: 'java.lang.Object java.lang.invoke.DirectMethodHandle$Holder.newInvokeSpecial(java.lang.Object, java.lang.Object, java.lang.Object, java.lang.Object, java.lang.Object, java.lang.Object, java.lang.Object)'> (0x0000000710d730a0) 
thrown [s\src\hotspot\share\interpreter\linkResolver.cpp, line 759]
Event: 2.628 Thread 0x000001e91a98efb0 Exception <a 'java/lang/NoSuchMethodError'{0x0000000710d77d08}: 'java.lang.Object java.lang.invoke.Invokers$Holder.linkToTargetMethod(java.lang.Object, java.lang.Object, java.lang.Object, java.lang.Object, java.lang.Object, java.lang.Object, java.lang.Object)'> (0x0000000710d77d08) 
thrown [s\src\hotspot\share\interpreter\linkResolver.cpp, line 759]
Event: 2.701 Thread 0x000001e91a98efb0 Exception <a 'java/lang/NoSuchMethodError'{0x0000000710941160}: 'int java.lang.invoke.DirectMethodHandle$Holder.invokeVirtual(java.lang.Object, java.lang.Object)'> (0x0000000710941160) 
thrown [s\src\hotspot\share\interpreter\linkResolver.cpp, line 759]
Event: 2.701 Thread 0x000001e91a98efb0 Exception <a 'java/lang/NoSuchMethodError'{0x0000000710947128}: 'void java.lang.invoke.DirectMethodHandle$Holder.invokeSpecial(java.lang.Object, java.lang.Object, java.lang.Object, java.lang.Object, java.lang.Object)'> (0x0000000710947128) 
thrown [s\src\hotspot\share\interpreter\linkResolver.cpp, line 759]
Event: 2.731 Thread 0x000001e91a98efb0 Exception <a 'java/lang/NoSuchMethodError'{0x0000000710678d88}: 'void java.lang.invoke.DirectMethodHandle$Holder.invokeInterface(java.lang.Object, java.lang.Object, java.lang.Object)'> (0x0000000710678d88) 
thrown [s\src\hotspot\share\interpreter\linkResolver.cpp, line 759]
Event: 2.959 Thread 0x000001e91a98efb0 Exception <a 'sun/nio/fs/WindowsException'{0x000000070ffc35b8}> (0x000000070ffc35b8) 
thrown [s\src\hotspot\share\prims\jni.cpp, line 516]
Event: 2.962 Thread 0x000001e91a98efb0 Exception <a 'sun/nio/fs/WindowsException'{0x000000070ffc48c0}> (0x000000070ffc48c0) 
thrown [s\src\hotspot\share\prims\jni.cpp, line 516]
Event: 3.373 Thread 0x000001e91a98efb0 Exception <a 'java/lang/NoSuchMethodError'{0x000000070f0a8a08}: 'java.lang.Object java.lang.invoke.DirectMethodHandle$Holder.invokeVirtual(java.lang.Object, java.lang.Object, java.lang.Object)'> (0x000000070f0a8a08) 
thrown [s\src\hotspot\share\interpreter\linkResolver.cpp, line 759]
Event: 3.375 Thread 0x000001e91a98efb0 Exception <a 'java/lang/NoSuchMethodError'{0x000000070f0b08f8}: 'int java.lang.invoke.DirectMethodHandle$Holder.invokeInterface(java.lang.Object, java.lang.Object)'> (0x000000070f0b08f8) 
thrown [s\src\hotspot\share\interpreter\linkResolver.cpp, line 759]
Event: 3.390 Thread 0x000001e91a98efb0 Exception <a 'sun/nio/fs/WindowsException'{0x000000070f0ed880}> (0x000000070f0ed880) 
thrown [s\src\hotspot\share\prims\jni.cpp, line 516]
Event: 3.391 Thread 0x000001e91a98efb0 Exception <a 'sun/nio/fs/WindowsException'{0x000000070f0edc88}> (0x000000070f0edc88) 
thrown [s\src\hotspot\share\prims\jni.cpp, line 516]
Event: 3.392 Thread 0x000001e91a98efb0 Exception <a 'java/lang/NoSuchMethodError'{0x000000070f0f31f0}: 'int java.lang.invoke.DirectMethodHandle$Holder.invokeVirtual(java.lang.Object, java.lang.Object, java.lang.Object)'> (0x000000070f0f31f0) 
thrown [s\src\hotspot\share\interpreter\linkResolver.cpp, line 759]

VM Operations (20 events):
Event: 2.395 Executing VM operation: HandshakeAllThreads
Event: 2.395 Executing VM operation: HandshakeAllThreads done
Event: 2.396 Executing VM operation: HandshakeAllThreads
Event: 2.396 Executing VM operation: HandshakeAllThreads done
Event: 2.396 Executing VM operation: HandshakeAllThreads
Event: 2.396 Executing VM operation: HandshakeAllThreads done
Event: 2.475 Executing VM operation: ICBufferFull
Event: 2.476 Executing VM operation: ICBufferFull done
Event: 2.692 Executing VM operation: ICBufferFull
Event: 2.692 Executing VM operation: ICBufferFull done
Event: 2.715 Executing VM operation: HandshakeAllThreads
Event: 2.715 Executing VM operation: HandshakeAllThreads done
Event: 3.132 Executing VM operation: HandshakeAllThreads
Event: 3.132 Executing VM operation: HandshakeAllThreads done
Event: 3.139 Executing VM operation: ICBufferFull
Event: 3.139 Executing VM operation: ICBufferFull done
Event: 3.255 Executing VM operation: HandshakeAllThreads
Event: 3.255 Executing VM operation: HandshakeAllThreads done
Event: 3.372 Executing VM operation: HandshakeAllThreads
Event: 3.372 Executing VM operation: HandshakeAllThreads done

Events (20 events):
Event: 3.272 loading class java/util/ResourceBundle$KeyElementReference
Event: 3.272 loading class java/util/ResourceBundle$CacheKeyReference
Event: 3.272 loading class java/util/ResourceBundle$CacheKeyReference done
Event: 3.272 loading class java/util/ResourceBundle$KeyElementReference done
Event: 3.273 loading class java/util/ResourceBundle$3
Event: 3.273 loading class java/util/ResourceBundle$3 done
Event: 3.277 loading class java/util/ResourceBundle$BundleReference
Event: 3.277 loading class java/util/ResourceBundle$BundleReference done
Event: 3.299 loading class sun/nio/fs/WindowsLinkSupport
Event: 3.299 loading class sun/nio/fs/WindowsLinkSupport done
Event: 3.366 loading class java/util/ServiceLoader$ProviderSpliterator
Event: 3.367 loading class java/util/ServiceLoader$ProviderSpliterator done
Event: 3.390 loading class sun/nio/fs/WindowsDirectoryStream
Event: 3.390 loading class java/nio/file/DirectoryStream
Event: 3.390 loading class java/nio/file/DirectoryStream done
Event: 3.390 loading class sun/nio/fs/WindowsDirectoryStream done
Event: 3.391 loading class java/nio/file/NoSuchFileException
Event: 3.391 loading class java/nio/file/NoSuchFileException done
Event: 3.445 loading class java/nio/file/ClosedFileSystemException
Event: 3.445 loading class java/nio/file/ClosedFileSystemException done


Dynamic libraries:
0x00007ff7d2460000 - 0x00007ff7d246e000 	C:\Users\mmanv\.jdks\corretto-17.0.9\bin\java.exe
0x00007ffeaf550000 - 0x00007ffeaf748000 	C:\WINDOWS\SYSTEM32\ntdll.dll
0x00007ffeaf080000 - 0x00007ffeaf13d000 	C:\WINDOWS\System32\KERNEL32.DLL
0x00007ffeacd90000 - 0x00007ffead086000 	C:\WINDOWS\System32\KERNELBASE.dll
0x00007ffead090000 - 0x00007ffead190000 	C:\WINDOWS\System32\ucrtbase.dll
0x00007ffe684c0000 - 0x00007ffe684d7000 	C:\Users\mmanv\.jdks\corretto-17.0.9\bin\jli.dll
0x00007ffe68410000 - 0x00007ffe6842b000 	C:\Users\mmanv\.jdks\corretto-17.0.9\bin\VCRUNTIME140.dll
0x00007ffeadd80000 - 0x00007ffeadf1f000 	C:\WINDOWS\System32\USER32.dll
0x00007ffeacd60000 - 0x00007ffeacd82000 	C:\WINDOWS\System32\win32u.dll
0x00007ffe93300000 - 0x00007ffe9359a000 	C:\WINDOWS\WinSxS\amd64_microsoft.windows.common-controls_6595b64144ccf1df_6.0.19041.3636_none_60b6a03d71f818d5\COMCTL32.dll
0x00007ffead900000 - 0x00007ffead92b000 	C:\WINDOWS\System32\GDI32.dll
0x00007ffeae0c0000 - 0x00007ffeae15e000 	C:\WINDOWS\System32\msvcrt.dll
0x00007ffead260000 - 0x00007ffead377000 	C:\WINDOWS\System32\gdi32full.dll
0x00007ffead190000 - 0x00007ffead22d000 	C:\WINDOWS\System32\msvcp_win.dll
0x00007ffeaf470000 - 0x00007ffeaf4a2000 	C:\WINDOWS\System32\IMM32.DLL
0x00007ffe7c3f0000 - 0x00007ffe7c3fc000 	C:\Users\mmanv\.jdks\corretto-17.0.9\bin\vcruntime140_1.dll
0x00007ffe3a590000 - 0x00007ffe3a61d000 	C:\Users\mmanv\.jdks\corretto-17.0.9\bin\msvcp140.dll
0x00007ffde10a0000 - 0x00007ffde1d01000 	C:\Users\mmanv\.jdks\corretto-17.0.9\bin\server\jvm.dll
0x00007ffeaf3c0000 - 0x00007ffeaf470000 	C:\WINDOWS\System32\ADVAPI32.dll
0x00007ffead710000 - 0x00007ffead7b0000 	C:\WINDOWS\System32\sechost.dll
0x00007ffeaf230000 - 0x00007ffeaf353000 	C:\WINDOWS\System32\RPCRT4.dll
0x00007ffead230000 - 0x00007ffead257000 	C:\WINDOWS\System32\bcrypt.dll
0x00007ffeac190000 - 0x00007ffeac1db000 	C:\WINDOWS\SYSTEM32\POWRPROF.dll
0x00007ffe93a20000 - 0x00007ffe93a47000 	C:\WINDOWS\SYSTEM32\WINMM.dll
0x00007ffe907e0000 - 0x00007ffe907e9000 	C:\WINDOWS\SYSTEM32\WSOCK32.dll
0x00007ffea1500000 - 0x00007ffea150a000 	C:\WINDOWS\SYSTEM32\VERSION.dll
0x00007ffeadf20000 - 0x00007ffeadf8b000 	C:\WINDOWS\System32\WS2_32.dll
0x00007ffeac000000 - 0x00007ffeac012000 	C:\WINDOWS\SYSTEM32\UMPDC.dll
0x00007ffeab420000 - 0x00007ffeab432000 	C:\WINDOWS\SYSTEM32\kernel.appcore.dll
0x00007ffe7bdf0000 - 0x00007ffe7bdfa000 	C:\Users\mmanv\.jdks\corretto-17.0.9\bin\jimage.dll
0x00007ffeab210000 - 0x00007ffeab3f4000 	C:\WINDOWS\SYSTEM32\DBGHELP.DLL
0x00007ffe97ae0000 - 0x00007ffe97b14000 	C:\WINDOWS\SYSTEM32\dbgcore.DLL
0x00007ffead3f0000 - 0x00007ffead472000 	C:\WINDOWS\System32\bcryptPrimitives.dll
0x00007ffe67f20000 - 0x00007ffe67f45000 	C:\Users\mmanv\.jdks\corretto-17.0.9\bin\java.dll
0x00007ffe39e10000 - 0x00007ffe39ee7000 	C:\Users\mmanv\.jdks\corretto-17.0.9\bin\jsvml.dll
0x00007ffeae7f0000 - 0x00007ffeaef5b000 	C:\WINDOWS\System32\SHELL32.dll
0x00007ffeaa9a0000 - 0x00007ffeab13e000 	C:\WINDOWS\SYSTEM32\windows.storage.dll
0x00007ffeada20000 - 0x00007ffeadd73000 	C:\WINDOWS\System32\combase.dll
0x00007ffeac630000 - 0x00007ffeac65e000 	C:\WINDOWS\SYSTEM32\Wldp.dll
0x00007ffeaf160000 - 0x00007ffeaf22d000 	C:\WINDOWS\System32\OLEAUT32.dll
0x00007ffead7b0000 - 0x00007ffead85d000 	C:\WINDOWS\System32\SHCORE.dll
0x00007ffeae790000 - 0x00007ffeae7e5000 	C:\WINDOWS\System32\shlwapi.dll
0x00007ffeacb30000 - 0x00007ffeacb53000 	C:\WINDOWS\SYSTEM32\profapi.dll
0x00007ffe67f00000 - 0x00007ffe67f19000 	C:\Users\mmanv\.jdks\corretto-17.0.9\bin\net.dll
0x00007ffea3d50000 - 0x00007ffea3e5a000 	C:\WINDOWS\SYSTEM32\WINHTTP.dll
0x00007ffeac390000 - 0x00007ffeac3fa000 	C:\WINDOWS\system32\mswsock.dll
0x00007ffe67b20000 - 0x00007ffe67b36000 	C:\Users\mmanv\.jdks\corretto-17.0.9\bin\nio.dll
0x00007ffe67260000 - 0x00007ffe67278000 	C:\Users\mmanv\.jdks\corretto-17.0.9\bin\zip.dll
0x0000000069ac0000 - 0x0000000069ae4000 	C:\Development\apache-maven-3.9.1\lib\jansi-native\Windows\x86_64\jansi.dll
0x00007ffe773d0000 - 0x00007ffe773e0000 	C:\Users\mmanv\.jdks\corretto-17.0.9\bin\verify.dll
0x00007ffeabd60000 - 0x00007ffeabd93000 	C:\WINDOWS\SYSTEM32\ntmarta.dll

dbghelp: loaded successfully - version: 4.0.5 - missing functions: none
symbol engine: initialized successfully - sym options: 0x614 - pdb path: .;C:\Users\mmanv\.jdks\corretto-17.0.9\bin;C:\WINDOWS\SYSTEM32;C:\WINDOWS\WinSxS\amd64_microsoft.windows.common-controls_6595b64144ccf1df_6.0.19041.3636_none_60b6a03d71f818d5;C:\Users\mmanv\.jdks\corretto-17.0.9\bin\server;C:\Development\apache-maven-3.9.1\lib\jansi-native\Windows\x86_64

VM Arguments:
jvm_args: -Dclassworlds.conf=C:\Development\apache-maven-3.9.1\bin\m2.conf -Dmaven.home=C:\Development\apache-maven-3.9.1 -Dlibrary.jansi.path=C:\Development\apache-maven-3.9.1\lib\jansi-native -Dmaven.multiModuleProjectDirectory=C:\Users\mmanv\Documents\GitHub\Karel 
java_command: org.codehaus.plexus.classworlds.launcher.Launcher clean verify
java_class_path (initial): C:\Development\apache-maven-3.9.1\boot\plexus-classworlds-2.6.0.jar
Launcher Type: SUN_STANDARD

[Global flags]
     intx CICompilerCount                          = 4                                         {product} {ergonomic}
     uint ConcGCThreads                            = 2                                         {product} {ergonomic}
     uint G1ConcRefinementThreads                  = 8                                         {product} {ergonomic}
   size_t G1HeapRegionSize                         = 2097152                                   {product} {ergonomic}
    uintx GCDrainStackTargetSize                   = 64                                        {product} {ergonomic}
   size_t InitialHeapSize                          = 266338304                                 {product} {ergonomic}
   size_t MarkStackSize                            = 4194304                                   {product} {ergonomic}
   size_t MaxHeapSize                              = 4242538496                                {product} {ergonomic}
   size_t MaxNewSize                               = 2543845376                                {product} {ergonomic}
   size_t MinHeapDeltaBytes                        = 2097152                                   {product} {ergonomic}
   size_t MinHeapSize                              = 8388608                                   {product} {ergonomic}
    uintx NonNMethodCodeHeapSize                   = 5839372                                {pd product} {ergonomic}
    uintx NonProfiledCodeHeapSize                  = 122909434                              {pd product} {ergonomic}
    uintx ProfiledCodeHeapSize                     = 122909434                              {pd product} {ergonomic}
    uintx ReservedCodeCacheSize                    = 251658240                              {pd product} {ergonomic}
     bool SegmentedCodeCache                       = true                                      {product} {ergonomic}
   size_t SoftMaxHeapSize                          = 4242538496                             {manageable} {ergonomic}
     bool UseCompressedClassPointers               = true                           {product lp64_product} {ergonomic}
     bool UseCompressedOops                        = true                           {product lp64_product} {ergonomic}
     bool UseG1GC                                  = true                                      {product} {ergonomic}
     bool UseLargePagesIndividualAllocation        = false                                  {pd product} {ergonomic}

Logging:
Log output configuration:
 #0: stdout all=warning uptime,level,tags
 #1: stderr all=off uptime,level,tags

Environment Variables:
JAVA_HOME=C:\Users\mmanv\.jdks\corretto-17.0.9
PATH=C:\Program Files\Microsoft MPI\Bin\;C:\Windows\system32;C:\Windows;C:\Windows\System32\Wbem;C:\Windows\System32\WindowsPowerShell\v1.0\;C:\Windows\System32\OpenSSH\;C:\Program Files (x86)\NVIDIA Corporation\PhysX\Common;C:\WINDOWS\system32;C:\WINDOWS;C:\WINDOWS\System32\Wbem;C:\WINDOWS\System32\WindowsPowerShell\v1.0\;C:\WINDOWS\System32\OpenSSH\;C:\Program Files\dotnet\;C:\Users\mmanv\.jdks\corretto-17.0.9\bin;C:\Development\apache-maven-3.9.1\bin;C:\Program Files\Microsoft SQL Server\150\Tools\Binn\;C:\Program Files\Microsoft SQL Server\Client SDK\ODBC\170\Tools\Binn\;C:\Program Files (x86)\Microsoft SQL Server\160\DTS\Binn\;C:\Program Files\Azure Data Studio\bin;C:\Program Files (x86)\Microsoft SQL Server\160\Tools\Binn\;C:\Program Files\Microsoft SQL Server\160\Tools\Binn\;C:\Program Files\Microsoft SQL Server\160\DTS\Binn\;C:\Program Files\Git\cmd;C:\Users\mmanv\AppData\Local\Microsoft\WindowsApps;C:\Users\mmanv\AppData\Local\GitHubDesktop\bin;C:\Development\IntelliJ IDEA Community Edition 2022.3.2\bin;;C:\Development\apache-maven-3.9.1\bin;C:\Users\mmanv\.dotnet\tools;C:\Program Files\Azure Data Studio\bin;C:\Users\mmanv\AppData\Local\Programs\Microsoft VS Code\bin
USERNAME=mmanv
OS=Windows_NT
PROCESSOR_IDENTIFIER=Intel64 Family 6 Model 142 Stepping 12, GenuineIntel
TMP=C:\Users\mmanv\AppData\Local\Temp
TEMP=C:\Users\mmanv\AppData\Local\Temp



Periodic native trim disabled


---------------  S Y S T E M  ---------------

OS:
 Windows 10 , 64 bit Build 19041 (10.0.19041.3636)
OS uptime: 9 days 14:57 hours

CPU: total 8 (initial active 8) (4 cores per cpu, 2 threads per core) family 6 model 142 stepping 12 microcode 0xbe, cx8, cmov, fxsr, ht, mmx, 3dnowpref, sse, sse2, sse3, ssse3, sse4.1, sse4.2, popcnt, lzcnt, tsc, tscinvbit, avx, avx2, aes, erms, clmul, bmi1, bmi2, adx, fma, vzeroupper, clflush, clflushopt
Processor Information for all 8 processors :
  Max Mhz: 2304, Current Mhz: 1803, Mhz Limit: 1797

Memory: 4k page, system-wide physical 16182M (1697M free)
TotalPageFile size 21182M (AvailPageFile size 5M)
current process WorkingSet (physical memory assigned to process): 179M, peak: 179M
current process commit charge ("private bytes"): 402M, peak: 403M

vm_info: OpenJDK 64-Bit Server VM (17.0.9+8-LTS) for windows-amd64 JRE (17.0.9+8-LTS), built on Oct 12 2023 16:15:33 by "Administrator" with MS VC++ 16.10 / 16.11 (VS2019)

END.
